  function.cpp
  main.cpp
C:\Users\sofia\source\repos\dz27Arrays\dz27Arrays\function.cpp(42,21): warning C4267: =: преобразование из "size_t" в "int"; возможна потеря данных
C:\Users\sofia\source\repos\dz27Arrays\dz27Arrays\function.cpp(57,23): error C2429: для функция языка "структурированные привязки" нужен флаг компилятора "/std:c++17" 
C:\Users\sofia\source\repos\dz27Arrays\dz27Arrays\function.cpp(93,28): warning C4267: =: преобразование из "size_t" в "int"; возможна потеря данных
C:\Users\sofia\source\repos\dz27Arrays\dz27Arrays\function.cpp(98,27): warning C4267: =: преобразование из "size_t" в "int"; возможна потеря данных
C:\Users\sofia\source\repos\dz27Arrays\dz27Arrays\main.cpp(17,11): error C2429: для функция языка "структурированные привязки" нужен флаг компилятора "/std:c++17" 
C:\Users\sofia\source\repos\dz27Arrays\dz27Arrays\main.cpp(18,10): error C2593: неоднозначный "оператор <<"
      C:\Program Files\Microsoft Visual Studio\2022\Community\VC\Tools\MSVC\14.41.34120\include\ostream(486,39):
      может быть "std::basic_ostream<char,std::char_traits<char>> &std::basic_ostream<char,std::char_traits<char>>::operator <<(std::basic_streambuf<char,std::char_traits<char>> *)"
      C:\Program Files\Microsoft Visual Studio\2022\Community\VC\Tools\MSVC\14.41.34120\include\ostream(454,39):
      или       "std::basic_ostream<char,std::char_traits<char>> &std::basic_ostream<char,std::char_traits<char>>::operator <<(const void *)"
      C:\Program Files\Microsoft Visual Studio\2022\Community\VC\Tools\MSVC\14.41.34120\include\ostream(436,39):
      или       "std::basic_ostream<char,std::char_traits<char>> &std::basic_ostream<char,std::char_traits<char>>::operator <<(long double)"
      C:\Program Files\Microsoft Visual Studio\2022\Community\VC\Tools\MSVC\14.41.34120\include\ostream(418,39):
      или       "std::basic_ostream<char,std::char_traits<char>> &std::basic_ostream<char,std::char_traits<char>>::operator <<(double)"
      C:\Program Files\Microsoft Visual Studio\2022\Community\VC\Tools\MSVC\14.41.34120\include\ostream(400,39):
      или       "std::basic_ostream<char,std::char_traits<char>> &std::basic_ostream<char,std::char_traits<char>>::operator <<(float)"
      C:\Program Files\Microsoft Visual Studio\2022\Community\VC\Tools\MSVC\14.41.34120\include\ostream(382,39):
      или       "std::basic_ostream<char,std::char_traits<char>> &std::basic_ostream<char,std::char_traits<char>>::operator <<(unsigned __int64)"
      C:\Program Files\Microsoft Visual Studio\2022\Community\VC\Tools\MSVC\14.41.34120\include\ostream(364,39):
      или       "std::basic_ostream<char,std::char_traits<char>> &std::basic_ostream<char,std::char_traits<char>>::operator <<(__int64)"
      C:\Program Files\Microsoft Visual Studio\2022\Community\VC\Tools\MSVC\14.41.34120\include\ostream(346,39):
      или       "std::basic_ostream<char,std::char_traits<char>> &std::basic_ostream<char,std::char_traits<char>>::operator <<(unsigned long)"
      C:\Program Files\Microsoft Visual Studio\2022\Community\VC\Tools\MSVC\14.41.34120\include\ostream(328,39):
      или       "std::basic_ostream<char,std::char_traits<char>> &std::basic_ostream<char,std::char_traits<char>>::operator <<(long)"
      C:\Program Files\Microsoft Visual Studio\2022\Community\VC\Tools\MSVC\14.41.34120\include\ostream(309,39):
      или       "std::basic_ostream<char,std::char_traits<char>> &std::basic_ostream<char,std::char_traits<char>>::operator <<(unsigned int)"
      C:\Program Files\Microsoft Visual Studio\2022\Community\VC\Tools\MSVC\14.41.34120\include\ostream(283,39):
      или       "std::basic_ostream<char,std::char_traits<char>> &std::basic_ostream<char,std::char_traits<char>>::operator <<(int)"
      C:\Program Files\Microsoft Visual Studio\2022\Community\VC\Tools\MSVC\14.41.34120\include\ostream(264,39):
      или       "std::basic_ostream<char,std::char_traits<char>> &std::basic_ostream<char,std::char_traits<char>>::operator <<(unsigned short)"
      C:\Program Files\Microsoft Visual Studio\2022\Community\VC\Tools\MSVC\14.41.34120\include\ostream(230,39):
      или       "std::basic_ostream<char,std::char_traits<char>> &std::basic_ostream<char,std::char_traits<char>>::operator <<(short)"
      C:\Program Files\Microsoft Visual Studio\2022\Community\VC\Tools\MSVC\14.41.34120\include\ostream(212,39):
      или       "std::basic_ostream<char,std::char_traits<char>> &std::basic_ostream<char,std::char_traits<char>>::operator <<(bool)"
      C:\Program Files\Microsoft Visual Studio\2022\Community\VC\Tools\MSVC\14.41.34120\include\ostream(206,39):
      или       "std::basic_ostream<char,std::char_traits<char>> &std::basic_ostream<char,std::char_traits<char>>::operator <<(std::ios_base &(__cdecl *)(std::ios_base &))"
      C:\Program Files\Microsoft Visual Studio\2022\Community\VC\Tools\MSVC\14.41.34120\include\ostream(200,39):
      или       "std::basic_ostream<char,std::char_traits<char>> &std::basic_ostream<char,std::char_traits<char>>::operator <<(std::basic_ios<char,std::char_traits<char>> &(__cdecl *)(std::basic_ios<char,std::char_traits<char>> &))"
      C:\Program Files\Microsoft Visual Studio\2022\Community\VC\Tools\MSVC\14.41.34120\include\ostream(195,39):
      или       "std::basic_ostream<char,std::char_traits<char>> &std::basic_ostream<char,std::char_traits<char>>::operator <<(std::basic_ostream<char,std::char_traits<char>> &(__cdecl *)(std::basic_ostream<char,std::char_traits<char>> &))"
      C:\Program Files\Microsoft Visual Studio\2022\Community\VC\Tools\MSVC\14.41.34120\include\ostream(1088,32):
      или       "std::basic_ostream<char,std::char_traits<char>> &std::operator <<<char,std::char_traits<char>>(std::basic_ostream<char,std::char_traits<char>> &,const std::error_code &)"
      C:\Program Files\Microsoft Visual Studio\2022\Community\VC\Tools\MSVC\14.41.34120\include\ostream(953,31):
      или       "std::basic_ostream<char,std::char_traits<char>> &std::operator <<<std::char_traits<char>>(std::basic_ostream<char,std::char_traits<char>> &,unsigned char)"
      C:\Program Files\Microsoft Visual Studio\2022\Community\VC\Tools\MSVC\14.41.34120\include\ostream(947,31):
      или       "std::basic_ostream<char,std::char_traits<char>> &std::operator <<<std::char_traits<char>>(std::basic_ostream<char,std::char_traits<char>> &,const unsigned char *)"
      C:\Program Files\Microsoft Visual Studio\2022\Community\VC\Tools\MSVC\14.41.34120\include\ostream(942,31):
      или       "std::basic_ostream<char,std::char_traits<char>> &std::operator <<<std::char_traits<char>>(std::basic_ostream<char,std::char_traits<char>> &,signed char)"
      C:\Program Files\Microsoft Visual Studio\2022\Community\VC\Tools\MSVC\14.41.34120\include\ostream(936,31):
      или       "std::basic_ostream<char,std::char_traits<char>> &std::operator <<<std::char_traits<char>>(std::basic_ostream<char,std::char_traits<char>> &,const signed char *)"
      C:\Program Files\Microsoft Visual Studio\2022\Community\VC\Tools\MSVC\14.41.34120\include\ostream(819,31):
      или       "std::basic_ostream<char,std::char_traits<char>> &std::operator <<<std::char_traits<char>>(std::basic_ostream<char,std::char_traits<char>> &,char)"
      C:\Program Files\Microsoft Visual Studio\2022\Community\VC\Tools\MSVC\14.41.34120\include\ostream(774,31):
      или       "std::basic_ostream<char,std::char_traits<char>> &std::operator <<<std::char_traits<char>>(std::basic_ostream<char,std::char_traits<char>> &,const char *)"
      C:\Program Files\Microsoft Visual Studio\2022\Community\VC\Tools\MSVC\14.41.34120\include\ostream(738,32):
      или       "std::basic_ostream<char,std::char_traits<char>> &std::operator <<<char,std::char_traits<char>>(std::basic_ostream<char,std::char_traits<char>> &,char)"
      C:\Program Files\Microsoft Visual Studio\2022\Community\VC\Tools\MSVC\14.41.34120\include\ostream(694,32):
      или       "std::basic_ostream<char,std::char_traits<char>> &std::operator <<<char,std::char_traits<char>>(std::basic_ostream<char,std::char_traits<char>> &,const char *)"
      C:\Users\sofia\source\repos\dz27Arrays\dz27Arrays\main.cpp(18,10):
      при попытке сопоставить список аргументов "(std::basic_ostream<char,std::char_traits<char>>, unknown-type)"
  
C:\Users\sofia\source\repos\dz27Arrays\dz27Arrays\main.cpp(38,11): error C2429: для функция языка "структурированные привязки" нужен флаг компилятора "/std:c++17" 
C:\Users\sofia\source\repos\dz27Arrays\dz27Arrays\main.cpp(40,20): error C2672: "begin": не найдена соответствующая перегруженная функция
      C:\Program Files\Microsoft Visual Studio\2022\Community\VC\Tools\MSVC\14.41.34120\include\xutility(1962,27):
      может быть "_Ty *std::begin(_Ty (&)[_Size]) noexcept"
          C:\Users\sofia\source\repos\dz27Arrays\dz27Arrays\main.cpp(40,20):
          '_Ty *std::begin(_Ty (&)[_Size]) noexcept': не удалось вывести аргумент шаблон для '_Ty (&)[_Size]' из 'unknown-type'
      C:\Program Files\Microsoft Visual Studio\2022\Community\VC\Tools\MSVC\14.41.34120\include\xutility(1944,30):
      или       "unknown-type std::begin(const _Container &) noexcept(<expr>)"
          C:\Users\sofia\source\repos\dz27Arrays\dz27Arrays\main.cpp(40,20):
          Сбой при специализации функции-шаблона "unknown-type std::begin(const _Container &) noexcept(<expr>)"
              C:\Users\sofia\source\repos\dz27Arrays\dz27Arrays\main.cpp(40,20):
              Со следующими аргументами шаблона:
                  C:\Users\sofia\source\repos\dz27Arrays\dz27Arrays\main.cpp(40,20):
                  "_Container=unknown-type"
      C:\Program Files\Microsoft Visual Studio\2022\Community\VC\Tools\MSVC\14.41.34120\include\xutility(1938,30):
      или       "unknown-type std::begin(_Container &) noexcept(<expr>)"
          C:\Users\sofia\source\repos\dz27Arrays\dz27Arrays\main.cpp(40,20):
          Сбой при специализации функции-шаблона "unknown-type std::begin(_Container &) noexcept(<expr>)"
              C:\Users\sofia\source\repos\dz27Arrays\dz27Arrays\main.cpp(40,20):
              Со следующими аргументами шаблона:
                  C:\Users\sofia\source\repos\dz27Arrays\dz27Arrays\main.cpp(40,20):
                  "_Container=unknown-type"
      C:\Program Files\Microsoft Visual Studio\2022\Community\VC\Tools\MSVC\14.41.34120\include\initializer_list(54,35):
      или       "const _Elem *std::begin(std::initializer_list<_Elem>) noexcept"
          C:\Users\sofia\source\repos\dz27Arrays\dz27Arrays\main.cpp(40,20):
          'const _Elem *std::begin(std::initializer_list<_Elem>) noexcept': не удалось вывести аргумент шаблон для 'std::initializer_list<_Elem>' из 'unknown-type'
  
C:\Users\sofia\source\repos\dz27Arrays\dz27Arrays\main.cpp(40,20): error C2672: "end": не найдена соответствующая перегруженная функция
      C:\Program Files\Microsoft Visual Studio\2022\Community\VC\Tools\MSVC\14.41.34120\include\xutility(1967,27):
      может быть "_Ty *std::end(_Ty (&)[_Size]) noexcept"
          C:\Users\sofia\source\repos\dz27Arrays\dz27Arrays\main.cpp(40,20):
          '_Ty *std::end(_Ty (&)[_Size]) noexcept': не удалось вывести аргумент шаблон для '_Ty (&)[_Size]' из 'unknown-type'
      C:\Program Files\Microsoft Visual Studio\2022\Community\VC\Tools\MSVC\14.41.34120\include\xutility(1956,30):
      или       "unknown-type std::end(const _Container &) noexcept(<expr>)"
          C:\Users\sofia\source\repos\dz27Arrays\dz27Arrays\main.cpp(40,20):
          Сбой при специализации функции-шаблона "unknown-type std::end(const _Container &) noexcept(<expr>)"
              C:\Users\sofia\source\repos\dz27Arrays\dz27Arrays\main.cpp(40,20):
              Со следующими аргументами шаблона:
                  C:\Users\sofia\source\repos\dz27Arrays\dz27Arrays\main.cpp(40,20):
                  "_Container=unknown-type"
      C:\Program Files\Microsoft Visual Studio\2022\Community\VC\Tools\MSVC\14.41.34120\include\xutility(1950,30):
      или       "unknown-type std::end(_Container &) noexcept(<expr>)"
          C:\Users\sofia\source\repos\dz27Arrays\dz27Arrays\main.cpp(40,20):
          Сбой при специализации функции-шаблона "unknown-type std::end(_Container &) noexcept(<expr>)"
              C:\Users\sofia\source\repos\dz27Arrays\dz27Arrays\main.cpp(40,20):
              Со следующими аргументами шаблона:
                  C:\Users\sofia\source\repos\dz27Arrays\dz27Arrays\main.cpp(40,20):
                  "_Container=unknown-type"
      C:\Program Files\Microsoft Visual Studio\2022\Community\VC\Tools\MSVC\14.41.34120\include\initializer_list(59,35):
      или       "const _Elem *std::end(std::initializer_list<_Elem>) noexcept"
          C:\Users\sofia\source\repos\dz27Arrays\dz27Arrays\main.cpp(40,20):
          'const _Elem *std::end(std::initializer_list<_Elem>) noexcept': не удалось вывести аргумент шаблон для 'std::initializer_list<_Elem>' из 'unknown-type'
  
C:\Users\sofia\source\repos\dz27Arrays\dz27Arrays\main.cpp(40,20): error C3536: <begin>$L1: не может использоваться до инициализации
C:\Users\sofia\source\repos\dz27Arrays\dz27Arrays\main.cpp(40,20): error C3536: <end>$L1: не может использоваться до инициализации
C:\Users\sofia\source\repos\dz27Arrays\dz27Arrays\main.cpp(40,32): error C2100: нельзя разыменовать операнд типа "int"
C:\Users\sofia\source\repos\dz27Arrays\dz27Arrays\main.cpp(46,20): error C2672: "begin": не найдена соответствующая перегруженная функция
      C:\Program Files\Microsoft Visual Studio\2022\Community\VC\Tools\MSVC\14.41.34120\include\xutility(1962,27):
      может быть "_Ty *std::begin(_Ty (&)[_Size]) noexcept"
          C:\Users\sofia\source\repos\dz27Arrays\dz27Arrays\main.cpp(46,20):
          '_Ty *std::begin(_Ty (&)[_Size]) noexcept': не удалось вывести аргумент шаблон для '_Ty (&)[_Size]' из 'unknown-type'
      C:\Program Files\Microsoft Visual Studio\2022\Community\VC\Tools\MSVC\14.41.34120\include\xutility(1944,30):
      или       "unknown-type std::begin(const _Container &) noexcept(<expr>)"
          C:\Users\sofia\source\repos\dz27Arrays\dz27Arrays\main.cpp(46,20):
          Сбой при специализации функции-шаблона "unknown-type std::begin(const _Container &) noexcept(<expr>)"
              C:\Users\sofia\source\repos\dz27Arrays\dz27Arrays\main.cpp(46,20):
              Со следующими аргументами шаблона:
                  C:\Users\sofia\source\repos\dz27Arrays\dz27Arrays\main.cpp(46,20):
                  "_Container=unknown-type"
      C:\Program Files\Microsoft Visual Studio\2022\Community\VC\Tools\MSVC\14.41.34120\include\xutility(1938,30):
      или       "unknown-type std::begin(_Container &) noexcept(<expr>)"
          C:\Users\sofia\source\repos\dz27Arrays\dz27Arrays\main.cpp(46,20):
          Сбой при специализации функции-шаблона "unknown-type std::begin(_Container &) noexcept(<expr>)"
              C:\Users\sofia\source\repos\dz27Arrays\dz27Arrays\main.cpp(46,20):
              Со следующими аргументами шаблона:
                  C:\Users\sofia\source\repos\dz27Arrays\dz27Arrays\main.cpp(46,20):
                  "_Container=unknown-type"
      C:\Program Files\Microsoft Visual Studio\2022\Community\VC\Tools\MSVC\14.41.34120\include\initializer_list(54,35):
      или       "const _Elem *std::begin(std::initializer_list<_Elem>) noexcept"
          C:\Users\sofia\source\repos\dz27Arrays\dz27Arrays\main.cpp(46,20):
          'const _Elem *std::begin(std::initializer_list<_Elem>) noexcept': не удалось вывести аргумент шаблон для 'std::initializer_list<_Elem>' из 'unknown-type'
  
C:\Users\sofia\source\repos\dz27Arrays\dz27Arrays\main.cpp(46,20): error C2672: "end": не найдена соответствующая перегруженная функция
      C:\Program Files\Microsoft Visual Studio\2022\Community\VC\Tools\MSVC\14.41.34120\include\xutility(1967,27):
      может быть "_Ty *std::end(_Ty (&)[_Size]) noexcept"
          C:\Users\sofia\source\repos\dz27Arrays\dz27Arrays\main.cpp(46,20):
          '_Ty *std::end(_Ty (&)[_Size]) noexcept': не удалось вывести аргумент шаблон для '_Ty (&)[_Size]' из 'unknown-type'
      C:\Program Files\Microsoft Visual Studio\2022\Community\VC\Tools\MSVC\14.41.34120\include\xutility(1956,30):
      или       "unknown-type std::end(const _Container &) noexcept(<expr>)"
          C:\Users\sofia\source\repos\dz27Arrays\dz27Arrays\main.cpp(46,20):
          Сбой при специализации функции-шаблона "unknown-type std::end(const _Container &) noexcept(<expr>)"
              C:\Users\sofia\source\repos\dz27Arrays\dz27Arrays\main.cpp(46,20):
              Со следующими аргументами шаблона:
                  C:\Users\sofia\source\repos\dz27Arrays\dz27Arrays\main.cpp(46,20):
                  "_Container=unknown-type"
      C:\Program Files\Microsoft Visual Studio\2022\Community\VC\Tools\MSVC\14.41.34120\include\xutility(1950,30):
      или       "unknown-type std::end(_Container &) noexcept(<expr>)"
          C:\Users\sofia\source\repos\dz27Arrays\dz27Arrays\main.cpp(46,20):
          Сбой при специализации функции-шаблона "unknown-type std::end(_Container &) noexcept(<expr>)"
              C:\Users\sofia\source\repos\dz27Arrays\dz27Arrays\main.cpp(46,20):
              Со следующими аргументами шаблона:
                  C:\Users\sofia\source\repos\dz27Arrays\dz27Arrays\main.cpp(46,20):
                  "_Container=unknown-type"
      C:\Program Files\Microsoft Visual Studio\2022\Community\VC\Tools\MSVC\14.41.34120\include\initializer_list(59,35):
      или       "const _Elem *std::end(std::initializer_list<_Elem>) noexcept"
          C:\Users\sofia\source\repos\dz27Arrays\dz27Arrays\main.cpp(46,20):
          'const _Elem *std::end(std::initializer_list<_Elem>) noexcept': не удалось вывести аргумент шаблон для 'std::initializer_list<_Elem>' из 'unknown-type'
  
C:\Users\sofia\source\repos\dz27Arrays\dz27Arrays\main.cpp(46,20): error C3536: <begin>$L2: не может использоваться до инициализации
C:\Users\sofia\source\repos\dz27Arrays\dz27Arrays\main.cpp(46,20): error C3536: <end>$L2: не может использоваться до инициализации
C:\Users\sofia\source\repos\dz27Arrays\dz27Arrays\main.cpp(46,30): error C2100: нельзя разыменовать операнд типа "int"
  Создание кода...
